# JRE version: Java(TM) SE Runtime Environment (8.0_181-b13) (build 1.8.0_181-b13)
# Java VM: Java HotSpot(TM) 64-Bit Server VM (25.181-b13 mixed mode windows-amd64 compressed oops)
Heap:
 PSYoungGen      total 131072K, used 57067K [0x00000000d5f00000, 0x00000000e4500000, 0x0000000100000000)
  eden space 119808K, 47% used [0x00000000d5f00000,0x00000000d96bade8,0x00000000dd400000)
  from space 11264K, 0% used [0x00000000dd400000,0x00000000dd400000,0x00000000ddf00000)
  to   space 11264K, 0% used [0x00000000e3a00000,0x00000000e3a00000,0x00000000e4500000)
 ParOldGen       total 70656K, used 13259K [0x0000000081c00000, 0x0000000086100000, 0x00000000d5f00000)
  object space 70656K, 18% used [0x0000000081c00000,0x00000000828f2f40,0x0000000086100000)
 Metaspace       used 39421K, capacity 41690K, committed 41856K, reserved 1085440K
  class space    used 5237K, capacity 5658K, committed 5760K, reserved 1048576K
GC Heap History (10 events):
Event: 3.939 GC heap before
{Heap before GC invocations=5 (full 1):
 PSYoungGen      total 71680K, used 5114K [0x00000000d5f00000, 0x00000000daa00000, 0x0000000100000000)
  eden space 66560K, 0% used [0x00000000d5f00000,0x00000000d5f00000,0x00000000da000000)
  from space 5120K, 99% used [0x00000000da500000,0x00000000da9feb48,0x00000000daa00000)
  to   space 5120K, 0% used [0x00000000da000000,0x00000000da000000,0x00000000da500000)
 ParOldGen       total 87552K, used 6308K [0x0000000081c00000, 0x0000000087180000, 0x00000000d5f00000)
  object space 87552K, 7% used [0x0000000081c00000,0x0000000082229340,0x0000000087180000)
 Metaspace       used 20503K, capacity 21242K, committed 21296K, reserved 1067008K
  class space    used 2733K, capacity 2927K, committed 2944K, reserved 1048576K
Event: 3.971 GC heap after
Heap after GC invocations=5 (full 1):
 PSYoungGen      total 71680K, used 0K [0x00000000d5f00000, 0x00000000daa00000, 0x0000000100000000)
  eden space 66560K, 0% used [0x00000000d5f00000,0x00000000d5f00000,0x00000000da000000)
  from space 5120K, 0% used [0x00000000da500000,0x00000000da500000,0x00000000daa00000)
  to   space 5120K, 0% used [0x00000000da000000,0x00000000da000000,0x00000000da500000)
 ParOldGen       total 48128K, used 5574K [0x0000000081c00000, 0x0000000084b00000, 0x00000000d5f00000)
  object space 48128K, 11% used [0x0000000081c00000,0x0000000082171900,0x0000000084b00000)
 Metaspace       used 20501K, capacity 21236K, committed 21296K, reserved 1067008K
  class space    used 2732K, capacity 2926K, committed 2944K, reserved 1048576K
}
Event: 5.791 GC heap before
{Heap before GC invocations=6 (full 1):
 PSYoungGen      total 71680K, used 66560K [0x00000000d5f00000, 0x00000000daa00000, 0x0000000100000000)
  eden space 66560K, 100% used [0x00000000d5f00000,0x00000000da000000,0x00000000da000000)
  from space 5120K, 0% used [0x00000000da500000,0x00000000da500000,0x00000000daa00000)
  to   space 5120K, 0% used [0x00000000da000000,0x00000000da000000,0x00000000da500000)
 ParOldGen       total 48128K, used 5574K [0x0000000081c00000, 0x0000000084b00000, 0x00000000d5f00000)
  object space 48128K, 11% used [0x0000000081c00000,0x0000000082171900,0x0000000084b00000)
 Metaspace       used 24811K, capacity 25866K, committed 25984K, reserved 1071104K
  class space    used 3352K, capacity 3621K, committed 3712K, reserved 1048576K
Event: 5.802 GC heap after
Heap after GC invocations=6 (full 1):
 PSYoungGen      total 71680K, used 5101K [0x00000000d5f00000, 0x00000000de900000, 0x0000000100000000)
  eden space 66560K, 0% used [0x00000000d5f00000,0x00000000d5f00000,0x00000000da000000)
  from space 5120K, 99% used [0x00000000da000000,0x00000000da4fb7b0,0x00000000da500000)
  to   space 9728K, 0% used [0x00000000ddf80000,0x00000000ddf80000,0x00000000de900000)
 ParOldGen       total 48128K, used 7949K [0x0000000081c00000, 0x0000000084b00000, 0x00000000d5f00000)
  object space 48128K, 16% used [0x0000000081c00000,0x00000000823c34d8,0x0000000084b00000)
 Metaspace       used 24811K, capacity 25866K, committed 25984K, reserved 1071104K
  class space    used 3352K, capacity 3621K, committed 3712K, reserved 1048576K
}
Event: 7.083 GC heap before
{Heap before GC invocations=7 (full 1):
 PSYoungGen      total 71680K, used 71661K [0x00000000d5f00000, 0x00000000de900000, 0x0000000100000000)
  eden space 66560K, 100% used [0x00000000d5f00000,0x00000000da000000,0x00000000da000000)
  from space 5120K, 99% used [0x00000000da000000,0x00000000da4fb7b0,0x00000000da500000)
  to   space 9728K, 0% used [0x00000000ddf80000,0x00000000ddf80000,0x00000000de900000)
 ParOldGen       total 48128K, used 7949K [0x0000000081c00000, 0x0000000084b00000, 0x00000000d5f00000)
  object space 48128K, 16% used [0x0000000081c00000,0x00000000823c34d8,0x0000000084b00000)
 Metaspace       used 32088K, capacity 33766K, committed 33920K, reserved 1079296K
  class space    used 4333K, capacity 4677K, committed 4736K, reserved 1048576K
Event: 7.093 GC heap after
Heap after GC invocations=7 (full 1):
 PSYoungGen      total 129536K, used 9704K [0x00000000d5f00000, 0x00000000dea00000, 0x0000000100000000)
  eden space 119808K, 0% used [0x00000000d5f00000,0x00000000d5f00000,0x00000000dd400000)
  from space 9728K, 99% used [0x00000000ddf80000,0x00000000de8fa108,0x00000000de900000)
  to   space 11264K, 0% used [0x00000000dd400000,0x00000000dd400000,0x00000000ddf00000)
 ParOldGen       total 48128K, used 8219K [0x0000000081c00000, 0x0000000084b00000, 0x00000000d5f00000)
  object space 48128K, 17% used [0x0000000081c00000,0x0000000082406cc8,0x0000000084b00000)
 Metaspace       used 32088K, capacity 33766K, committed 33920K, reserved 1079296K
  class space    used 4333K, capacity 4677K, committed 4736K, reserved 1048576K
}
Event: 7.488 GC heap before
{Heap before GC invocations=8 (full 1):
 PSYoungGen      total 129536K, used 41147K [0x00000000d5f00000, 0x00000000dea00000, 0x0000000100000000)
  eden space 119808K, 26% used [0x00000000d5f00000,0x00000000d7db4e80,0x00000000dd400000)
  from space 9728K, 99% used [0x00000000ddf80000,0x00000000de8fa108,0x00000000de900000)
  to   space 11264K, 0% used [0x00000000dd400000,0x00000000dd400000,0x00000000ddf00000)
 ParOldGen       total 48128K, used 8219K [0x0000000081c00000, 0x0000000084b00000, 0x00000000d5f00000)
  object space 48128K, 17% used [0x0000000081c00000,0x0000000082406cc8,0x0000000084b00000)
 Metaspace       used 33518K, capacity 35346K, committed 35496K, reserved 1079296K
  class space    used 4530K, capacity 4873K, committed 4992K, reserved 1048576K
Event: 7.496 GC heap after
Heap after GC invocations=8 (full 1):
 PSYoungGen      total 131072K, used 8637K [0x00000000d5f00000, 0x00000000e4500000, 0x0000000100000000)
  eden space 119808K, 0% used [0x00000000d5f00000,0x00000000d5f00000,0x00000000dd400000)
  from space 11264K, 76% used [0x00000000dd400000,0x00000000ddc6f760,0x00000000ddf00000)
  to   space 11264K, 0% used [0x00000000e3a00000,0x00000000e3a00000,0x00000000e4500000)
 ParOldGen       total 48128K, used 8227K [0x0000000081c00000, 0x0000000084b00000, 0x00000000d5f00000)
  object space 48128K, 17% used [0x0000000081c00000,0x0000000082408cc8,0x0000000084b00000)
 Metaspace       used 33518K, capacity 35346K, committed 35496K, reserved 1079296K
  class space    used 4530K, capacity 4873K, committed 4992K, reserved 1048576K
}
Event: 7.496 GC heap before
{Heap before GC invocations=9 (full 2):
 PSYoungGen      total 131072K, used 8637K [0x00000000d5f00000, 0x00000000e4500000, 0x0000000100000000)
  eden space 119808K, 0% used [0x00000000d5f00000,0x00000000d5f00000,0x00000000dd400000)
  from space 11264K, 76% used [0x00000000dd400000,0x00000000ddc6f760,0x00000000ddf00000)
  to   space 11264K, 0% used [0x00000000e3a00000,0x00000000e3a00000,0x00000000e4500000)
 ParOldGen       total 48128K, used 8227K [0x0000000081c00000, 0x0000000084b00000, 0x00000000d5f00000)
  object space 48128K, 17% used [0x0000000081c00000,0x0000000082408cc8,0x0000000084b00000)
 Metaspace       used 33518K, capacity 35346K, committed 35496K, reserved 1079296K
  class space    used 4530K, capacity 4873K, committed 4992K, reserved 1048576K
Event: 7.591 GC heap after
Heap after GC invocations=9 (full 2):
 PSYoungGen      total 131072K, used 0K [0x00000000d5f00000, 0x00000000e4500000, 0x0000000100000000)
  eden space 119808K, 0% used [0x00000000d5f00000,0x00000000d5f00000,0x00000000dd400000)
  from space 11264K, 0% used [0x00000000dd400000,0x00000000dd400000,0x00000000ddf00000)
  to   space 11264K, 0% used [0x00000000e3a00000,0x00000000e3a00000,0x00000000e4500000)
 ParOldGen       total 70656K, used 13259K [0x0000000081c00000, 0x0000000086100000, 0x00000000d5f00000)
  object space 70656K, 18% used [0x0000000081c00000,0x00000000828f2f40,0x0000000086100000)
 Metaspace       used 33518K, capacity 35346K, committed 35496K, reserved 1079296K
  class space    used 4530K, capacity 4873K, committed 4992K, reserved 1048576K
}

